Hostname: localhost.localdomain
Operating System: Linux 4.18.0-425.10.1.el8_7.x86_64

RAM Information:
              total        used        free      shared  buff/cache   available
Mem:          3.6Gi       2.2Gi       394Mi        38Mi       1.1Gi       1.2Gi
Swap:         3.0Gi        93Mi       2.9Gi


Network Information:
1: lo: <LOOPBACK,UP,LOWER_UP> mtu 65536 qdisc noqueue state UNKNOWN group default qlen 1000
    link/loopback 00:00:00:00:00:00 brd 00:00:00:00:00:00
    inet 127.0.0.1/8 scope host lo
       valid_lft forever preferred_lft forever
    inet6 ::1/128 scope host 
       valid_lft forever preferred_lft forever
2: ens192: <BROADCAST,MULTICAST,UP,LOWER_UP> mtu 1500 qdisc mq state UP group default qlen 1000
    link/ether 00:50:56:b0:69:9f brd ff:ff:ff:ff:ff:ff
    altname enp11s0
    inet 192.168.206.171/20 brd 192.168.207.255 scope global dynamic noprefixroute ens192
       valid_lft 83031sec preferred_lft 83031sec
    inet6 fe80::250:56ff:feb0:699f/64 scope link noprefixroute 
       valid_lft forever preferred_lft forever
3: virbr0: <NO-CARRIER,BROADCAST,MULTICAST,UP> mtu 1500 qdisc noqueue state DOWN group default qlen 1000
    link/ether 52:54:00:36:78:1f brd ff:ff:ff:ff:ff:ff
    inet 192.168.122.1/24 brd 192.168.122.255 scope global noprefixroute virbr0
       valid_lft forever preferred_lft forever
Kernel IP routing table
Destination     Gateway         Genmask         Flags   MSS Window  irtt Iface
0.0.0.0         192.168.207.254 0.0.0.0         UG        0 0          0 ens192
192.168.122.0   0.0.0.0         255.255.255.0   U         0 0          0 virbr0
192.168.192.0   0.0.0.0         255.255.240.0   U         0 0          0 ens192


DNS Information:
# Generated by NetworkManager
search rit.edu
nameserver 129.21.3.17
nameserver 129.21.4.18


Disk Information:
Filesystem           Size  Used Avail Use% Mounted on
devtmpfs             1.8G     0  1.8G   0% /dev
tmpfs                1.9G     0  1.9G   0% /dev/shm
tmpfs                1.9G  9.4M  1.9G   1% /run
tmpfs                1.9G     0  1.9G   0% /sys/fs/cgroup
/dev/mapper/rl-root   26G  6.1G   20G  24% /
/dev/sda2           1014M  337M  678M  34% /boot
/dev/sda1            599M  5.8M  594M   1% /boot/efi
tmpfs                374M   56K  374M   1% /run/user/1000


CPU Information:
processor	: 0
vendor_id	: GenuineIntel
cpu family	: 6
model		: 58
model name	: Intel(R) Xeon(R) Gold 5215 CPU @ 2.50GHz
stepping	: 0
microcode	: 0x5003302
cpu MHz		: 2500.000
cache size	: 14080 KB
physical id	: 0
siblings	: 1
core id		: 0
cpu cores	: 1
apicid		: 0
initial apicid	: 0
fpu		: yes
fpu_exception	: yes
cpuid level	: 13
wp		: yes
flags		: fpu vme de pse tsc msr pae mce cx8 apic sep mtrr pge mca cmov pat pse36 clflush mmx fxsr sse sse2 ss syscall nx rdtscp lm constant_tsc arch_perfmon nopl xtopology tsc_reliable nonstop_tsc cpuid pni pclmulqdq ssse3 cx16 pcid sse4_1 sse4_2 x2apic popcnt tsc_deadline_timer aes xsave avx f16c rdrand hypervisor lahf_lm cpuid_fault pti ssbd ibrs ibpb stibp fsgsbase tsc_adjust smep arat md_clear flush_l1d arch_capabilities
bugs		: cpu_meltdown spectre_v1 spectre_v2 spec_store_bypass l1tf mds swapgs itlb_multihit srbds retbleed
bogomips	: 5000.00
clflush size	: 64
cache_alignment	: 64
address sizes	: 43 bits physical, 48 bits virtual
power management:

processor	: 1
vendor_id	: GenuineIntel
cpu family	: 6
model		: 58
model name	: Intel(R) Xeon(R) Gold 5215 CPU @ 2.50GHz
stepping	: 0
microcode	: 0x5003302
cpu MHz		: 2500.000
cache size	: 14080 KB
physical id	: 2
siblings	: 1
core id		: 0
cpu cores	: 1
apicid		: 2
initial apicid	: 2
fpu		: yes
fpu_exception	: yes
cpuid level	: 13
wp		: yes
flags		: fpu vme de pse tsc msr pae mce cx8 apic sep mtrr pge mca cmov pat pse36 clflush mmx fxsr sse sse2 ss syscall nx rdtscp lm constant_tsc arch_perfmon nopl xtopology tsc_reliable nonstop_tsc cpuid pni pclmulqdq ssse3 cx16 pcid sse4_1 sse4_2 x2apic popcnt tsc_deadline_timer aes xsave avx f16c rdrand hypervisor lahf_lm cpuid_fault pti ssbd ibrs ibpb stibp fsgsbase tsc_adjust smep arat md_clear flush_l1d arch_capabilities
bugs		: cpu_meltdown spectre_v1 spectre_v2 spec_store_bypass l1tf mds swapgs itlb_multihit srbds retbleed
bogomips	: 5000.00
clflush size	: 64
cache_alignment	: 64
address sizes	: 43 bits physical, 48 bits virtual
power management:

